0 info it worked if it ends with ok
1 verbose cli [ 'C:\\Program Files\\nodejs\\node.exe',
1 verbose cli   'C:\\Program Files\\nodejs\\node_modules\\npm\\bin\\npm-cli.js',
1 verbose cli   'run-script',
1 verbose cli   'test' ]
2 info using npm@3.10.10
3 info using node@v6.10.2
4 verbose run-script [ 'pretest', 'test', 'posttest' ]
5 info lifecycle linguaseven@1.0.0~pretest: linguaseven@1.0.0
6 silly lifecycle linguaseven@1.0.0~pretest: no script for pretest, continuing
7 info lifecycle linguaseven@1.0.0~test: linguaseven@1.0.0
8 verbose lifecycle linguaseven@1.0.0~test: unsafe-perm in lifecycle true
9 verbose lifecycle linguaseven@1.0.0~test: PATH: C:\Program Files\nodejs\node_modules\npm\bin\node-gyp-bin;C:\OpenServer\domains\linguaseven.loc\wp-content\themes\LinguaTheme\node_modules\.bin;C:\ProgramData\Oracle\Java\javapath;C:\Windows\system32;C:\Windows;C:\Windows\System32\Wbem;C:\Windows\System32\WindowsPowerShell\v1.0\;C:\Program Files (x86)\Intel\OpenCL SDK\2.0\bin\x86;C:\Program Files (x86)\Intel\OpenCL SDK\2.0\bin\x64;C:\Program Files\Intel\WiFi\bin\;C:\Program Files\Common Files\Intel\WirelessCommon\;C:\Program Files\7-Zip;C:\Program Files (x86)\Skype\Phone\;C:\Program Files\nodejs\;C:\Program Files (x86)\Yarn\bin;C:\OpenServer\modules\php\PHP-7;C:\ProgramData\ComposerSetup\bin;C:\Program Files\Intel\WiFi\bin\;C:\Program Files\Common Files\Intel\WirelessCommon\;C:\Users\Виталий\AppData\Roaming\npm;C:\Users\Виталий\AppData\Local\Yarn\bin;C:\Users\Виталий\AppData\Roaming\Composer\vendor\bin
10 verbose lifecycle linguaseven@1.0.0~test: CWD: C:\OpenServer\domains\linguaseven.loc\wp-content\themes\LinguaTheme
11 silly lifecycle linguaseven@1.0.0~test: Args: [ '/d /s /c', 'echo "Error: no test specified" && exit 1' ]
12 silly lifecycle linguaseven@1.0.0~test: Returned: code: 1  signal: null
13 info lifecycle linguaseven@1.0.0~test: Failed to exec test script
14 verbose stack Error: linguaseven@1.0.0 test: `echo "Error: no test specified" && exit 1`
14 verbose stack Exit status 1
14 verbose stack     at EventEmitter.<anonymous> (C:\Program Files\nodejs\node_modules\npm\lib\utils\lifecycle.js:255:16)
14 verbose stack     at emitTwo (events.js:106:13)
14 verbose stack     at EventEmitter.emit (events.js:191:7)
14 verbose stack     at ChildProcess.<anonymous> (C:\Program Files\nodejs\node_modules\npm\lib\utils\spawn.js:40:14)
14 verbose stack     at emitTwo (events.js:106:13)
14 verbose stack     at ChildProcess.emit (events.js:191:7)
14 verbose stack     at maybeClose (internal/child_process.js:886:16)
14 verbose stack     at Process.ChildProcess._handle.onexit (internal/child_process.js:226:5)
15 verbose pkgid linguaseven@1.0.0
16 verbose cwd C:\OpenServer\domains\linguaseven.loc\wp-content\themes\LinguaTheme
17 error Windows_NT 6.1.7601
18 error argv "C:\\Program Files\\nodejs\\node.exe" "C:\\Program Files\\nodejs\\node_modules\\npm\\bin\\npm-cli.js" "run-script" "test"
19 error node v6.10.2
20 error npm  v3.10.10
21 error code ELIFECYCLE
22 error linguaseven@1.0.0 test: `echo "Error: no test specified" && exit 1`
22 error Exit status 1
23 error Failed at the linguaseven@1.0.0 test script 'echo "Error: no test specified" && exit 1'.
23 error Make sure you have the latest version of node.js and npm installed.
23 error If you do, this is most likely a problem with the linguaseven package,
23 error not with npm itself.
23 error Tell the author that this fails on your system:
23 error     echo "Error: no test specified" && exit 1
23 error You can get information on how to open an issue for this project with:
23 error     npm bugs linguaseven
23 error Or if that isn't available, you can get their info via:
23 error     npm owner ls linguaseven
23 error There is likely additional logging output above.
24 verbose exit [ 1, true ]
